<?xml version="1.0" encoding="UTF-8"?>
<!-- Generated by org.testng.reporters.JUnitReportReporter -->
<testsuite hostname="DESKTOP-3GRCN6M" name="test.ActionOperations" tests="1" failures="0" timestamp="12 Dec 2020 07:27:12 GMT" time="10.133" errors="0">
  <testcase name="DoubleClickAction" time="10.133" classname="test.ActionOperations"/>
</testsuite> <!-- test.ActionOperations -->
