<?xml version="1.0" encoding="UTF-8"?>
<!-- Generated by org.testng.reporters.JUnitReportReporter -->
<testsuite hostname="DESKTOP-3GRCN6M" name="com.automation.aws.testing.test.GenericMethodForSelectDropdown" tests="1" failures="0" timestamp="8 Dec 2020 17:30:01 GMT" time="5.821" errors="0">
  <testcase name="DemoTest" time="5.821" classname="com.automation.aws.testing.test.GenericMethodForSelectDropdown"/>
</testsuite> <!-- com.automation.aws.testing.test.GenericMethodForSelectDropdown -->
