<?xml version="1.0" encoding="UTF-8"?>
<!-- Generated by org.testng.reporters.JUnitReportReporter -->
<testsuite hostname="DESKTOP-3GRCN6M" failures="0" tests="1" name="test.HandleCalender" time="14.480" errors="0" timestamp="27 Feb 2021 12:23:46 GMT">
  <testcase classname="test.HandleCalender" name="genericmethodSelectCalender" time="14.480"/>
</testsuite> <!-- test.HandleCalender -->
