<?xml version="1.0" encoding="UTF-8"?>
<!-- Generated by org.testng.reporters.JUnitReportReporter -->
<testsuite hostname="DESKTOP-3GRCN6M" failures="0" tests="1" name="com.automation.aws.testing.test.FreeCRM_JavascriptExecutor" time="45.544" errors="0" timestamp="28 Apr 2020 13:30:50 GMT">
  <testcase classname="com.automation.aws.testing.test.FreeCRM_JavascriptExecutor" name="hradio_Btn" time="45.544"/>
</testsuite> <!-- com.automation.aws.testing.test.FreeCRM_JavascriptExecutor -->
