<?xml version="1.0" encoding="UTF-8"?>
<!-- Generated by org.testng.reporters.JUnitReportReporter -->
<testsuite hostname="DESKTOP-3GRCN6M" name="test.FluentWaitDemo" tests="1" failures="0" timestamp="12 Dec 2020 07:27:12 GMT" time="7.060" errors="0">
  <testcase name="test" time="7.060" classname="test.FluentWaitDemo"/>
</testsuite> <!-- test.FluentWaitDemo -->
