<?xml version="1.0" encoding="UTF-8"?>
<!-- Generated by org.testng.reporters.JUnitReportReporter -->
<testsuite hostname="dell" failures="0" tests="1" name="com.automation.aws.testing.test.SVG_Handling" time="4.232" errors="0" timestamp="3 Jun 2020 10:05:59 GMT">
  <testcase classname="com.automation.aws.testing.test.SVG_Handling" name="svgHandle" time="4.232"/>
</testsuite> <!-- com.automation.aws.testing.test.SVG_Handling -->
