<?xml version="1.0" encoding="UTF-8"?>
<!-- Generated by org.testng.reporters.JUnitReportReporter -->
<testsuite hostname="DESKTOP-3GRCN6M" failures="0" tests="1" name="test.ImplementPagefactory" time="12.611" errors="0" timestamp="2 Mar 2021 10:51:09 GMT">
  <testcase classname="test.ImplementPagefactory" name="Test" time="12.611"/>
</testsuite> <!-- test.ImplementPagefactory -->
