<?xml version="1.0" encoding="UTF-8"?>
<!-- Generated by org.testng.reporters.JUnitReportReporter -->
<testsuite hostname="L-156171806" name="com.automation.aws.testing.test.ReadExcel" tests="1" failures="0" timestamp="10 Mar 2020 14:01:09 GMT" time="0.041" errors="0">
  <testcase name="readExcel" time="0.041" classname="com.automation.aws.testing.test.ReadExcel"/>
</testsuite> <!-- com.automation.aws.testing.test.ReadExcel -->
