<?xml version="1.0" encoding="UTF-8"?>
<!-- Generated by org.testng.reporters.JUnitReportReporter -->
<testsuite hostname="DESKTOP-3GRCN6M" failures="0" tests="1" name="test.ActionOperations" time="12.359" errors="0" timestamp="23 Dec 2020 10:50:33 GMT">
  <testcase classname="test.ActionOperations" name="DoubleClickAction" time="12.359"/>
</testsuite> <!-- test.ActionOperations -->
