<?xml version="1.0" encoding="UTF-8"?>
<!-- Generated by org.testng.reporters.JUnitReportReporter -->
<testsuite hostname="DESKTOP-3GRCN6M" failures="0" tests="1" name="com.automation.aws.testing.test.HandleDynamicHTMLTable" time="6.407" errors="0" timestamp="3 Dec 2020 16:52:01 GMT">
  <testcase classname="com.automation.aws.testing.test.HandleDynamicHTMLTable" name="HandleTable" time="6.407"/>
</testsuite> <!-- com.automation.aws.testing.test.HandleDynamicHTMLTable -->
