<?xml version="1.0" encoding="UTF-8"?>
<!-- Generated by org.testng.reporters.JUnitReportReporter -->
<testsuite hostname="DESKTOP-3GRCN6M" name="test.CheckTextIsBold" tests="1" failures="0" timestamp="13 Dec 2020 17:30:10 GMT" time="7.497" errors="0">
  <testcase name="test" time="7.497" classname="test.CheckTextIsBold"/>
</testsuite> <!-- test.CheckTextIsBold -->
