<?xml version="1.0" encoding="UTF-8"?>
<!-- Generated by org.testng.reporters.JUnitReportReporter -->
<testsuite hostname="dell" failures="0" tests="1" name="com.automation.aws.testing.test.Handle_Image_TC" time="5.751" errors="0" timestamp="3 Jun 2020 18:03:50 GMT">
  <testcase classname="com.automation.aws.testing.test.Handle_Image_TC" name="brokenImage" time="5.751"/>
</testsuite> <!-- com.automation.aws.testing.test.Handle_Image_TC -->
