<?xml version="1.0" encoding="UTF-8"?>
<!-- Generated by org.testng.reporters.JUnitReportReporter -->
<testsuite hostname="DESKTOP-3GRCN6M" name="com.automation.aws.testing.test.HandleSpecialDropDown" tests="1" failures="0" timestamp="12 Dec 2020 06:29:41 GMT" time="9.913" errors="0">
  <testcase name="SpecialDropDown" time="9.913" classname="com.automation.aws.testing.test.HandleSpecialDropDown"/>
</testsuite> <!-- com.automation.aws.testing.test.HandleSpecialDropDown -->
