<?xml version="1.0" encoding="UTF-8"?>
<!-- Generated by org.testng.reporters.JUnitReportReporter -->
<testsuite hostname="L-156171806" name="com.automation.aws.testing.test.Uploading_of_file" tests="1" failures="0" timestamp="3 Mar 2020 13:51:24 GMT" time="13.833" errors="0">
  <testcase name="setup" time="13.833" classname="com.automation.aws.testing.test.Uploading_of_file"/>
</testsuite> <!-- com.automation.aws.testing.test.Uploading_of_file -->
