<?xml version="1.0" encoding="UTF-8"?>
<!-- Generated by org.testng.reporters.JUnitReportReporter -->
<testsuite hostname="DESKTOP-3GRCN6M" failures="0" tests="1" name="com.automation.aws.testing.test.Handle_Image_TC" time="5.691" errors="0" timestamp="15 Nov 2020 06:47:48 GMT">
  <testcase classname="com.automation.aws.testing.test.Handle_Image_TC" name="brokenImage" time="5.691"/>
</testsuite> <!-- com.automation.aws.testing.test.Handle_Image_TC -->
