<?xml version="1.0" encoding="UTF-8"?>
<!-- Generated by org.testng.reporters.JUnitReportReporter -->
<testsuite hostname="dell" failures="0" tests="1" name="com.automation.aws.testing.test.Uploading_of_file" time="2.132" errors="0" timestamp="3 Jun 2020 09:41:55 GMT">
  <testcase classname="com.automation.aws.testing.test.Uploading_of_file" name="fileUpload" time="2.132"/>
</testsuite> <!-- com.automation.aws.testing.test.Uploading_of_file -->
