<?xml version="1.0" encoding="UTF-8"?>
<!-- Generated by org.testng.reporters.JUnitReportReporter -->
<testsuite hostname="DESKTOP-3GRCN6M" failures="0" tests="1" name="test.ImplementPagefactoryTest" time="8.002" errors="0" timestamp="2 Mar 2021 11:44:38 GMT">
  <testcase classname="test.ImplementPagefactoryTest" name="Test" time="8.002"/>
</testsuite> <!-- test.ImplementPagefactoryTest -->
