<?xml version="1.0" encoding="UTF-8"?>
<!-- Generated by org.testng.reporters.JUnitReportReporter -->
<testsuite hostname="DESKTOP-3GRCN6M" failures="0" tests="1" name="com.automation.aws.testing.test.ActionOperations" time="9.956" errors="0" timestamp="7 May 2020 04:51:41 GMT">
  <testcase classname="com.automation.aws.testing.test.ActionOperations" name="DoubleClickAction" time="9.956"/>
</testsuite> <!-- com.automation.aws.testing.test.ActionOperations -->
