<?xml version="1.0" encoding="UTF-8"?>
<!-- Generated by org.testng.reporters.JUnitReportReporter -->
<testsuite hostname="DESKTOP-3GRCN6M" failures="0" tests="1" name="com.automation.aws.testing.test.FreeCRM_JavascriptExecutor" time="5.136" errors="0" timestamp="30 Apr 2020 09:51:35 GMT">
  <testcase classname="com.automation.aws.testing.test.FreeCRM_JavascriptExecutor" name="hradio_Btn" time="5.136"/>
</testsuite> <!-- com.automation.aws.testing.test.FreeCRM_JavascriptExecutor -->
