<?xml version="1.0" encoding="UTF-8"?>
<!-- Generated by org.testng.reporters.JUnitReportReporter -->
<testsuite hostname="DESKTOP-3GRCN6M" name="com.automation.aws.testing.test.FluentWaitDemo" tests="1" failures="0" timestamp="12 Dec 2020 06:29:41 GMT" time="7.421" errors="0">
  <testcase name="test" time="7.421" classname="com.automation.aws.testing.test.FluentWaitDemo"/>
</testsuite> <!-- com.automation.aws.testing.test.FluentWaitDemo -->
