<?xml version="1.0" encoding="UTF-8"?>
<!-- Generated by org.testng.reporters.JUnitReportReporter -->
<testsuite hostname="DESKTOP-3GRCN6M" failures="0" tests="1" name="test.AddAndRemoveElement" time="23.995" errors="0" timestamp="22 Feb 2021 11:05:54 GMT">
  <testcase classname="test.AddAndRemoveElement" name="AddElementAndReturnAddedElement" time="23.995"/>
</testsuite> <!-- test.AddAndRemoveElement -->
