<?xml version="1.0" encoding="UTF-8"?>
<!-- Generated by org.testng.reporters.JUnitReportReporter -->
<testsuite hostname="DESKTOP-3GRCN6M" failures="0" tests="1" name="com.automation.aws.testing.test.ReadExcel" time="0.990" errors="0" timestamp="21 Apr 2020 11:04:43 GMT">
  <testcase classname="com.automation.aws.testing.test.ReadExcel" name="readExcel" time="0.990"/>
</testsuite> <!-- com.automation.aws.testing.test.ReadExcel -->
