<?xml version="1.0" encoding="UTF-8"?>
<!-- Generated by org.testng.reporters.JUnitReportReporter -->
<testsuite hostname="DESKTOP-3GRCN6M" failures="0" tests="1" name="test.SVG_Handling_TC" time="20.840" errors="0" timestamp="21 Sep 2021 15:15:09 GMT">
  <testcase classname="test.SVG_Handling_TC" name="handle2DSvg" time="20.840"/>
</testsuite> <!-- test.SVG_Handling_TC -->
