<?xml version="1.0" encoding="UTF-8"?>
<!-- Generated by org.testng.reporters.JUnitReportReporter -->
<testsuite hostname="DESKTOP-3GRCN6M" failures="0" tests="1" name="com.automation.aws.testing.test.DropDownfb" time="1.171" errors="0" timestamp="7 May 2020 10:07:24 GMT">
  <testcase classname="com.automation.aws.testing.test.DropDownfb" name="dropDownFb" time="1.171"/>
</testsuite> <!-- com.automation.aws.testing.test.DropDownfb -->
