<?xml version="1.0" encoding="UTF-8"?>
<!-- Generated by org.testng.reporters.JUnitReportReporter -->
<testsuite hostname="L-156171806" name="com.automation.aws.testing.test.Search_TC" tests="1" failures="0" timestamp="21 Feb 2020 11:48:32 GMT" time="34.974" errors="0">
  <testcase name="testCase1" time="34.974" classname="com.automation.aws.testing.test.Search_TC"/>
</testsuite> <!-- com.automation.aws.testing.test.Search_TC -->
