<?xml version="1.0" encoding="UTF-8"?>
<!-- Generated by org.testng.reporters.JUnitReportReporter -->
<testsuite hostname="L-156171806" name="com.automation.aws.testing.test.Handling_IFrame" tests="1" failures="0" timestamp="11 Mar 2020 14:11:55 GMT" time="34.018" errors="0">
  <testcase name="Handling_IFrame" time="34.018" classname="com.automation.aws.testing.test.Handling_IFrame"/>
</testsuite> <!-- com.automation.aws.testing.test.Handling_IFrame -->
