<?xml version="1.0" encoding="UTF-8"?>
<!-- Generated by org.testng.reporters.JUnitReportReporter -->
<testsuite hostname="DESKTOP-3GRCN6M" name="test.Input_Output_File" tests="4" failures="0" timestamp="12 Dec 2020 07:27:12 GMT" time="0.041" errors="0">
  <testcase name="createFile" time="0.012" classname="test.Input_Output_File"/>
  <testcase name="fileInformation" time="0.002" classname="test.Input_Output_File"/>
  <testcase name="write" time="0.003" classname="test.Input_Output_File"/>
  <testcase name="read" time="0.024" classname="test.Input_Output_File"/>
</testsuite> <!-- test.Input_Output_File -->
