<?xml version="1.0" encoding="UTF-8"?>
<!-- Generated by org.testng.reporters.JUnitReportReporter -->
<testsuite hostname="DESKTOP-3GRCN6M" failures="0" tests="1" name="com.automation.aws.testing.test.TestPagefactory" time="12.192" errors="0" timestamp="28 Apr 2020 12:24:35 GMT">
  <testcase classname="com.automation.aws.testing.test.TestPagefactory" name="Test" time="12.192"/>
</testsuite> <!-- com.automation.aws.testing.test.TestPagefactory -->
