<?xml version="1.0" encoding="UTF-8"?>
<!-- Generated by org.testng.reporters.JUnitReportReporter -->
<testsuite hostname="DESKTOP-3GRCN6M" failures="0" tests="1" name="test.HandleAuthAlert" time="8.746" errors="0" timestamp="25 Feb 2021 12:41:57 GMT">
  <testcase classname="test.HandleAuthAlert" name="EnterAuth" time="8.746"/>
</testsuite> <!-- test.HandleAuthAlert -->
