<?xml version="1.0" encoding="UTF-8"?>
<!-- Generated by org.testng.reporters.JUnitReportReporter -->
<testsuite hostname="DESKTOP-3GRCN6M" failures="0" tests="1" name="com.automation.aws.testing.test.Handle_Tool_Tips" time="4.019" errors="0" timestamp="15 Nov 2020 06:54:20 GMT">
  <testcase classname="com.automation.aws.testing.test.Handle_Tool_Tips" name="HandleToolTips" time="4.019"/>
</testsuite> <!-- com.automation.aws.testing.test.Handle_Tool_Tips -->
