<?xml version="1.0" encoding="UTF-8"?>
<!-- Generated by org.testng.reporters.JUnitReportReporter -->
<testsuite hostname="DESKTOP-3GRCN6M" failures="0" tests="1" name="com.automation.aws.testing.test.HandleTestDataUsingExcel" time="11.472" errors="0" timestamp="5 Dec 2020 16:42:20 GMT">
  <testcase classname="com.automation.aws.testing.test.HandleTestDataUsingExcel" name="EnterGoogleSearch" time="11.472"/>
</testsuite> <!-- com.automation.aws.testing.test.HandleTestDataUsingExcel -->
