<?xml version="1.0" encoding="UTF-8"?>
<!-- Generated by org.testng.reporters.JUnitReportReporter -->
<testsuite hostname="DESKTOP-3GRCN6M" failures="0" tests="1" name="com.automation.aws.testing.test.FluentWaitDemo" time="4.531" errors="0" timestamp="2 Dec 2020 11:33:52 GMT">
  <testcase classname="com.automation.aws.testing.test.FluentWaitDemo" name="test" time="4.531"/>
</testsuite> <!-- com.automation.aws.testing.test.FluentWaitDemo -->
