<?xml version="1.0" encoding="UTF-8"?>
<!-- Generated by org.testng.reporters.JUnitReportReporter -->
<testsuite hostname="DESKTOP-3GRCN6M" failures="0" tests="1" name="com.automation.aws.testing.test.InvokeBrowserUsingSearchContext" time="21.719" errors="0" timestamp="29 Nov 2020 13:23:28 GMT">
  <testcase classname="com.automation.aws.testing.test.InvokeBrowserUsingSearchContext" name="InvokeFirefox" time="21.719"/>
</testsuite> <!-- com.automation.aws.testing.test.InvokeBrowserUsingSearchContext -->
