<?xml version="1.0" encoding="UTF-8"?>
<!-- Generated by org.testng.reporters.JUnitReportReporter -->
<testsuite hostname="DESKTOP-3GRCN6M" failures="0" tests="1" name="test.PrintDayWiseCovidCases" time="15.914" errors="0" timestamp="16 Sep 2021 14:23:33 GMT">
  <testcase classname="test.PrintDayWiseCovidCases" name="printDayWiseCovidCaes" time="15.914"/>
</testsuite> <!-- test.PrintDayWiseCovidCases -->
