<?xml version="1.0" encoding="UTF-8"?>
<!-- Generated by org.testng.reporters.JUnitReportReporter -->
<testsuite hostname="DESKTOP-3GRCN6M" failures="0" tests="1" name="com.automation.aws.testing.test.RelativeLocator" time="2.608" errors="0" timestamp="4 Dec 2020 16:48:42 GMT">
  <testcase classname="com.automation.aws.testing.test.RelativeLocator" name="RelativeLocatorDemo" time="2.608"/>
</testsuite> <!-- com.automation.aws.testing.test.RelativeLocator -->
