<?xml version="1.0" encoding="UTF-8"?>
<!-- Generated by org.testng.reporters.JUnitReportReporter -->
<testsuite hostname="L-156171806" name="com.automation.aws.testing.test.Search_TC" tests="1" failures="0" timestamp="19 Feb 2020 13:30:30 GMT" time="22.699" errors="0">
  <testcase name="testCase1" time="22.699" classname="com.automation.aws.testing.test.Search_TC"/>
</testsuite> <!-- com.automation.aws.testing.test.Search_TC -->
