<?xml version="1.0" encoding="UTF-8"?>
<!-- Generated by org.testng.reporters.JUnitReportReporter -->
<testsuite hostname="L-156171806" name="com.automation.aws.testing.test.Search_TC" tests="1" failures="0" timestamp="11 Mar 2020 09:57:43 GMT" time="46.157" errors="0">
  <testcase name="testCase1" time="46.157" classname="com.automation.aws.testing.test.Search_TC"/>
</testsuite> <!-- com.automation.aws.testing.test.Search_TC -->
