<?xml version="1.0" encoding="UTF-8"?>
<!-- Generated by org.testng.reporters.JUnitReportReporter -->
<testsuite hostname="DESKTOP-3GRCN6M" name="com.automation.aws.testing.test.HandleDynamicWebTable" tests="1" failures="0" timestamp="7 Dec 2020 17:33:45 GMT" time="3.282" errors="0">
  <testcase name="HandleDynaicWebTableDemo" time="3.282" classname="com.automation.aws.testing.test.HandleDynamicWebTable"/>
</testsuite> <!-- com.automation.aws.testing.test.HandleDynamicWebTable -->
