<?xml version="1.0" encoding="UTF-8"?>
<!-- Generated by org.testng.reporters.JUnitReportReporter -->
<testsuite hostname="DESKTOP-3GRCN6M" failures="0" tests="1" name="com.automation.aws.testing.test.Keyboard_Keys" time="10.909" errors="0" timestamp="18 May 2020 10:39:43 GMT">
  <testcase classname="com.automation.aws.testing.test.Keyboard_Keys" name="test" time="10.909"/>
</testsuite> <!-- com.automation.aws.testing.test.Keyboard_Keys -->
