<?xml version="1.0" encoding="UTF-8"?>
<!-- Generated by org.testng.reporters.JUnitReportReporter -->
<testsuite hostname="L-156171806" name="com.automation.aws.testing.test.Input_Output_File" tests="4" failures="0" timestamp="2 Mar 2020 11:36:04 GMT" time="0.027" errors="0">
  <testcase name="createFile" time="0.006" classname="com.automation.aws.testing.test.Input_Output_File"/>
  <testcase name="write" time="0.006" classname="com.automation.aws.testing.test.Input_Output_File"/>
  <testcase name="read" time="0.012" classname="com.automation.aws.testing.test.Input_Output_File"/>
  <testcase name="fileInformation" time="0.003" classname="com.automation.aws.testing.test.Input_Output_File"/>
</testsuite> <!-- com.automation.aws.testing.test.Input_Output_File -->
