<?xml version="1.0" encoding="UTF-8"?>
<!-- Generated by org.testng.reporters.JUnitReportReporter -->
<testsuite hostname="DESKTOP-3GRCN6M" failures="0" tests="1" name="com.automation.aws.testing.test.Uploading_of_file" time="3.493" errors="0" timestamp="1 May 2020 05:57:43 GMT">
  <testcase classname="com.automation.aws.testing.test.Uploading_of_file" name="fileUpload" time="3.493"/>
</testsuite> <!-- com.automation.aws.testing.test.Uploading_of_file -->
