<?xml version="1.0" encoding="UTF-8"?>
<!-- Generated by org.testng.reporters.JUnitReportReporter -->
<testsuite hostname="DESKTOP-3GRCN6M" failures="0" tests="1" name="test.HandleShadow_DOM" time="13.939" errors="0" timestamp="28 Dec 2020 07:10:12 GMT">
  <testcase classname="test.HandleShadow_DOM" name="DemoShadowDom" time="13.939"/>
</testsuite> <!-- test.HandleShadow_DOM -->
