<?xml version="1.0" encoding="UTF-8"?>
<!-- Generated by org.testng.reporters.JUnitReportReporter -->
<testsuite hostname="DESKTOP-3GRCN6M" failures="0" tests="1" name="com.automation.aws.testing.test.Search_Zomato_TC" time="60.932" errors="0" timestamp="27 Apr 2020 14:26:49 GMT">
  <testcase classname="com.automation.aws.testing.test.Search_Zomato_TC" name="testCase1" time="60.932"/>
</testsuite> <!-- com.automation.aws.testing.test.Search_Zomato_TC -->
