<?xml version="1.0" encoding="UTF-8"?>
<!-- Generated by org.testng.reporters.JUnitReportReporter -->
<testsuite hostname="WTIN03900247L" name="com.automation.aws.testing.test.TestCase1" tests="1" failures="0" timestamp="14 Feb 2020 13:36:32 GMT" time="29.805" errors="0">
  <testcase name="testCase1" time="29.805" classname="com.automation.aws.testing.test.TestCase1"/>
</testsuite> <!-- com.automation.aws.testing.test.TestCase1 -->
