<?xml version="1.0" encoding="UTF-8"?>
<!-- Generated by org.testng.reporters.JUnitReportReporter -->
<testsuite hostname="DESKTOP-3GRCN6M" failures="0" tests="1" name="test.Search_TC" time="20.957" errors="0" timestamp="21 Sep 2021 15:24:25 GMT">
  <testcase classname="test.Search_TC" name="searchOnFlipkart" time="20.957"/>
</testsuite> <!-- test.Search_TC -->
