<?xml version="1.0" encoding="UTF-8"?>
<!-- Generated by org.testng.reporters.JUnitReportReporter -->
<testsuite hostname="DESKTOP-3GRCN6M" name="com.automation.aws.testing.test.Handle_Image_TC" tests="1" failures="0" timestamp="8 Dec 2020 16:27:31 GMT" time="12.484" errors="0">
  <testcase name="brokenImage" time="12.484" classname="com.automation.aws.testing.test.Handle_Image_TC"/>
</testsuite> <!-- com.automation.aws.testing.test.Handle_Image_TC -->
