<?xml version="1.0" encoding="UTF-8"?>
<!-- Generated by org.testng.reporters.JUnitReportReporter -->
<testsuite hostname="DESKTOP-3GRCN6M" name="com.automation.aws.utility.ConfigFileReader" tests="1" failures="0" timestamp="15 Dec 2020 12:23:59 GMT" time="0.032" errors="0">
  <testcase name="ReadConfigProperty" time="0.032" classname="com.automation.aws.utility.ConfigFileReader"/>
</testsuite> <!-- com.automation.aws.utility.ConfigFileReader -->
