<?xml version="1.0" encoding="UTF-8"?>
<!-- Generated by org.testng.reporters.JUnitReportReporter -->
<testsuite hostname="L-156171806" name="com.automation.aws.utility.ExtentReport" tests="1" failures="0" timestamp="19 Feb 2020 11:42:39 GMT" time="0.056" errors="0">
  <testcase name="extentreport" time="0.056" classname="com.automation.aws.utility.ExtentReport"/>
</testsuite> <!-- com.automation.aws.utility.ExtentReport -->
