<?xml version="1.0" encoding="UTF-8"?>
<!-- Generated by org.testng.reporters.JUnitReportReporter -->
<testsuite hostname="L-156171806" name="com.automation.aws.utility.DateUtils" tests="1" failures="0" timestamp="2 Mar 2020 09:09:23 GMT" time="0.050" errors="0">
  <testcase name="date" time="0.050" classname="com.automation.aws.utility.DateUtils"/>
</testsuite> <!-- com.automation.aws.utility.DateUtils -->
